⚠ Attempted to load @next/swc-win32-x64-msvc, but an error occurred: \\?\E:\dev\awesome-windows-main\awesome-windows-main\linguaconnect\node_modules\@next\swc-win32-x64-msvc\next-swc.win32-x64-msvc.node is not a valid Win32 application.
\\?\E:\dev\awesome-windows-main\awesome-windows-main\linguaconnect\node_modules\@next\swc-win32-x64-msvc\next-swc.win32-x64-msvc.node
⚠ The "middleware" file convention is deprecated. Please use "proxy" instead. Learn more: https://nextjs.org/docs/messages/middleware-to-proxy
Watchpack Error (initial scan): Error: EINVAL: invalid argument, lstat 'E:\System Volume Information'
Watchpack Error (initial scan): Error: EINVAL: invalid argument, lstat 'E:\System Volume Information'
Error: x: Invalid source map. Only conformant source maps can be used to find the original code.
    at ignore-listed frames {
  [cause]: [Error: ENOENT: no such file or directory, open 'E:\dev\awesome-windows-main\awesome-windows-main\linguaconnect\node_modules\next\dist\compiled\source-map08\mappings.wasm'] {
    errno: -4058,
    code: 'ENOENT',
    syscall: 'open',
    path: 'E:\\dev\\awesome-windows-main\\awesome-windows-main\\linguaconnect\\node_modules\\next\\dist\\compiled\\source-map08\\mappings.wasm'
  }
}
Error: x: Invalid source map. Only conformant source maps can be used to find the original code.
    at ignore-listed frames {
  [cause]: [Error: ENOENT: no such file or directory, open 'E:\dev\awesome-windows-main\awesome-windows-main\linguaconnect\node_modules\next\dist\compiled\source-map08\mappings.wasm'] {
    errno: -4058,
    code: 'ENOENT',
    syscall: 'open',
    path: 'E:\\dev\\awesome-windows-main\\awesome-windows-main\\linguaconnect\\node_modules\\next\\dist\\compiled\\source-map08\\mappings.wasm'
  }
}
Error: x: Invalid source map. Only conformant source maps can be used to find the original code.
    at ignore-listed frames {
  [cause]: [Error: ENOENT: no such file or directory, open 'E:\dev\awesome-windows-main\awesome-windows-main\linguaconnect\node_modules\next\dist\compiled\source-map08\mappings.wasm'] {
    errno: -4058,
    code: 'ENOENT',
    syscall: 'open',
    path: 'E:\\dev\\awesome-windows-main\\awesome-windows-main\\linguaconnect\\node_modules\\next\\dist\\compiled\\source-map08\\mappings.wasm'
  }
}
Error: x: Invalid source map. Only conformant source maps can be used to find the original code.
    at ignore-listed frames {
  [cause]: [Error: ENOENT: no such file or directory, open 'E:\dev\awesome-windows-main\awesome-windows-main\linguaconnect\node_modules\next\dist\compiled\source-map08\mappings.wasm'] {
    errno: -4058,
    code: 'ENOENT',
    syscall: 'open',
    path: 'E:\\dev\\awesome-windows-main\\awesome-windows-main\\linguaconnect\\node_modules\\next\\dist\\compiled\\source-map08\\mappings.wasm'
  }
}
Error: x: Invalid source map. Only conformant source maps can be used to find the original code.
    at ignore-listed frames {
  [cause]: [Error: ENOENT: no such file or directory, open 'E:\dev\awesome-windows-main\awesome-windows-main\linguaconnect\node_modules\next\dist\compiled\source-map08\mappings.wasm'] {
    errno: -4058,
    code: 'ENOENT',
    syscall: 'open',
    path: 'E:\\dev\\awesome-windows-main\\awesome-windows-main\\linguaconnect\\node_modules\\next\\dist\\compiled\\source-map08\\mappings.wasm'
  }
}
[browser] Failed to fetch RSC payload for http://localhost:3000/chat. Falling back to browser navigation. TypeError: Failed to fetch
